[2026-06-08 20:29:19] [DatabaseService] [INFO] Invalid user credentials
[2026-06-08 20:29:19] [PaymentService] [ERROR] File not found
[2026-06-08 20:29:19] [AuthService] [INFO] Connection reset by peer
[2026-06-08 20:29:19] [LoggingService] [WARN] Database connection timeout
[2026-06-08 20:29:19] [PaymentService] [CRITICAL] Service unavailable
[2026-06-08 20:29:19] [LoggingService] [INFO] File not found
[2026-06-08 20:29:19] [PaymentService] [ERROR] API rate limit exceeded
[2026-06-08 20:29:19] [LoggingService] [CRITICAL] File not found
[2026-06-08 20:29:19] [CacheService] [CRITICAL] High memory usage detected
[2026-06-08 20:29:19] [CacheService] [ERROR] API rate limit exceeded
[2026-06-08 20:29:19] [DatabaseService] [CRITICAL] Connection reset by peer
[2026-06-08 20:29:19] [AuthService] [ERROR] Permission denied
[2026-06-08 20:29:19] [AuthService] [INFO] Invalid user credentials
[2026-06-08 20:29:19] [CacheService] [INFO] Service unavailable
[2026-06-08 20:29:19] [PaymentService] [CRITICAL] Request processed successfully
[2026-06-08 20:29:19] [LoggingService] [ERROR] API rate limit exceeded
[2026-06-08 20:29:19] [CacheService] [CRITICAL] File not found
[2026-06-08 20:29:19] [DatabaseService] [ERROR] API rate limit exceeded
[2026-06-08 20:29:19] [PaymentService] [ERROR] High memory usage detected
[2026-06-08 20:29:19] [LoggingService] [ERROR] File not found
